15:33:13: Creating resource group General
15:33:13: Creating resource group Internal
15:33:13: Creating resource group Autodetect
15:33:13: SceneManagerFactory for type 'DefaultSceneManager' registered.
15:33:13: Registering ResourceManager for type Material
15:33:13: Registering ResourceManager for type Mesh
15:33:13: Registering ResourceManager for type Skeleton
15:33:13: MovableObjectFactory for type 'ParticleSystem' registered.
15:33:13: OverlayElementFactory for type Panel registered.
15:33:13: OverlayElementFactory for type BorderPanel registered.
15:33:13: OverlayElementFactory for type TextArea registered.
15:33:13: Registering ResourceManager for type Font
15:33:13: ArchiveFactory for archive type FileSystem registered.
15:33:13: ArchiveFactory for archive type Zip registered.
15:33:13: DDS codec registering
15:33:13: FreeImage version: 3.15.1
15:33:13: This program uses FreeImage, a free, open source image library supporting all common bitmap formats. See http://freeimage.sourceforge.net for details
15:33:13: Supported formats: bmp,ico,jpg,jif,jpeg,jpe,jng,koa,iff,lbm,mng,pbm,pbm,pcd,pcx,pgm,pgm,png,ppm,ppm,ras,tga,targa,tif,tiff,wap,wbmp,wbm,psd,cut,xbm,xpm,gif,hdr,g3,sgi,exr,j2k,j2c,jp2,pfm,pct,pict,pic,3fr,arw,bay,bmq,cap,cine,cr2,crw,cs1,dc2,dcr,drf,dsc,dng,erf,fff,ia,iiq,k25,kc2,kdc,mdc,mef,mos,mrw,nef,nrw,orf,pef,ptx,pxn,qtk,raf,raw,rdc,rw2,rwl,rwz,sr2,srf,sti
15:33:13: Registering ResourceManager for type HighLevelGpuProgram
15:33:13: Registering ResourceManager for type Compositor
15:33:13: MovableObjectFactory for type 'Entity' registered.
15:33:13: MovableObjectFactory for type 'Light' registered.
15:33:13: MovableObjectFactory for type 'BillboardSet' registered.
15:33:13: MovableObjectFactory for type 'ManualObject' registered.
15:33:13: MovableObjectFactory for type 'BillboardChain' registered.
15:33:13: MovableObjectFactory for type 'RibbonTrail' registered.
15:33:13: Loading library /usr/local/lib/OGRE/RenderSystem_GL
15:33:13: Installing plugin: GL RenderSystem
15:33:13: OpenGL Rendering Subsystem created.
15:33:13: Plugin successfully installed
15:33:13: *-*-* OGRE Initialising
15:33:13: *-*-* Version 1.7.4 (Cthugha)
15:33:13: Creating resource group 
15:33:13: Added resource location './../media' of type 'FileSystem' to resource group ''
15:33:13: CPU Identifier & Features
15:33:13: -------------------------
15:33:13:  *   CPU ID: GenuineIntel: Intel(R) Core(TM) i5 CPU         750  @ 2.67GHz
15:33:13:  *      SSE: yes
15:33:13:  *     SSE2: yes
15:33:13:  *     SSE3: yes
15:33:13:  *      MMX: yes
15:33:13:  *   MMXEXT: yes
15:33:13:  *    3DNOW: no
15:33:13:  * 3DNOWEXT: no
15:33:13:  *     CMOV: yes
15:33:13:  *      TSC: yes
15:33:13:  *      FPU: yes
15:33:13:  *      PRO: yes
15:33:13:  *       HT: no
15:33:13: -------------------------
15:33:13: ******************************
*** Starting GLX Subsystem ***
******************************
15:33:13: GLRenderSystem::_createRenderWindow "Viewer", 800x600 windowed  miscParams: FSAA=0 displayFrequency=50 MHz gamma=No vsync=No 
15:33:13: OGRE EXCEPTION(6:FileNotFoundException): Cannot locate resource GLX_icon.png in resource group General or any other group. in ResourceGroupManager::openResource at /home/christophe/Documents/libraries/ogre_src_v1-7-4/OgreMain/src/OgreResourceGroupManager.cpp (line 753)
15:33:13: GLXWindow::create used FBConfigID = 153
15:33:13: GL_VERSION = 2.1 Mesa 8.0.2
15:33:13: GL_VENDOR = X.Org
15:33:13: GL_RENDERER = Gallium 0.4 on AMD JUNIPER
15:33:13: GL_EXTENSIONS = GL_ARB_multisample GL_EXT_abgr GL_EXT_bgra GL_EXT_blend_color GL_EXT_blend_minmax GL_EXT_blend_subtract GL_EXT_copy_texture GL_EXT_polygon_offset GL_EXT_subtexture GL_EXT_texture_object GL_EXT_vertex_array GL_EXT_compiled_vertex_array GL_EXT_texture GL_EXT_texture3D GL_IBM_rasterpos_clip GL_ARB_point_parameters GL_EXT_draw_range_elements GL_EXT_packed_pixels GL_EXT_point_parameters GL_EXT_rescale_normal GL_EXT_separate_specular_color GL_EXT_texture_edge_clamp GL_SGIS_generate_mipmap GL_SGIS_texture_border_clamp GL_SGIS_texture_edge_clamp GL_SGIS_texture_lod GL_ARB_framebuffer_sRGB GL_ARB_multitexture GL_EXT_framebuffer_sRGB GL_IBM_multimode_draw_arrays GL_IBM_texture_mirrored_repeat GL_ARB_texture_cube_map GL_ARB_texture_env_add GL_ARB_transpose_matrix GL_EXT_blend_func_separate GL_EXT_fog_coord GL_EXT_multi_draw_arrays GL_EXT_secondary_color GL_EXT_texture_env_add GL_EXT_texture_filter_anisotropic GL_EXT_texture_lod_bias GL_INGR_blend_func_separate GL_NV_blend_square GL_NV_light_max_exponent GL_NV_texgen_reflection GL_NV_texture_env_combine4 GL_SUN_multi_draw_arrays GL_ARB_texture_border_clamp GL_ARB_texture_compression GL_EXT_framebuffer_object GL_EXT_texture_env_combine GL_EXT_texture_env_dot3 GL_MESA_window_pos GL_NV_packed_depth_stencil GL_NV_texture_rectangle GL_ARB_depth_texture GL_ARB_occlusion_query GL_ARB_shadow GL_ARB_texture_env_combine GL_ARB_texture_env_crossbar GL_ARB_texture_env_dot3 GL_ARB_texture_mirrored_repeat GL_ARB_window_pos GL_EXT_stencil_two_side GL_EXT_texture_cube_map GL_NV_depth_clamp GL_NV_fog_distance GL_APPLE_packed_pixels GL_APPLE_vertex_array_object GL_ARB_draw_buffers GL_ARB_fragment_program GL_ARB_fragment_shader GL_ARB_shader_objects GL_ARB_vertex_program GL_ARB_vertex_shader GL_ATI_draw_buffers GL_ATI_texture_env_combine3 GL_ATI_texture_float GL_EXT_shadow_funcs GL_EXT_stencil_wrap GL_MESA_pack_invert GL_NV_primitive_restart GL_ARB_depth_clamp GL_ARB_fragment_program_shadow GL_ARB_half_float_pixel GL_ARB_occlusion_query2 GL_ARB_point_sprite GL_ARB_shading_language_100 GL_ARB_sync GL_ARB_texture_non_power_of_two GL_ARB_vertex_buffer_object GL_ATI_blend_equation_separate GL_EXT_blend_equation_separate GL_OES_read_format GL_ARB_color_buffer_float GL_ARB_pixel_buffer_object GL_ARB_texture_compression_rgtc GL_ARB_texture_float GL_ARB_texture_rectangle GL_ATI_texture_compression_3dc GL_EXT_packed_float GL_EXT_pixel_buffer_object GL_EXT_texture_compression_rgtc GL_EXT_texture_mirror_clamp GL_EXT_texture_rectangle GL_EXT_texture_sRGB GL_EXT_texture_shared_exponent GL_ARB_framebuffer_object GL_EXT_framebuffer_blit GL_EXT_framebuffer_multisample GL_EXT_packed_depth_stencil GL_ARB_vertex_array_object GL_ATI_separate_stencil GL_ATI_texture_mirror_once GL_EXT_draw_buffers2 GL_EXT_gpu_program_parameters GL_EXT_texture_array GL_EXT_texture_compression_latc GL_EXT_texture_sRGB_decode GL_EXT_timer_query GL_OES_EGL_image GL_MESA_texture_array GL_ARB_copy_buffer GL_ARB_depth_buffer_float GL_ARB_half_float_vertex GL_ARB_instanced_arrays GL_ARB_map_buffer_range GL_ARB_texture_rg GL_ARB_texture_swizzle GL_ARB_vertex_array_bgra GL_EXT_separate_shader_objects GL_EXT_texture_swizzle GL_EXT_vertex_array_bgra GL_NV_conditional_render GL_AMD_draw_buffers_blend GL_AMD_seamless_cubemap_per_texture GL_AMD_shader_stencil_export GL_ARB_ES2_compatibility GL_ARB_draw_buffers_blend GL_ARB_draw_elements_base_vertex GL_ARB_explicit_attrib_location GL_ARB_fragment_coord_conventions GL_ARB_provoking_vertex GL_ARB_sampler_objects GL_ARB_seamless_cube_map GL_ARB_shader_stencil_export GL_ARB_shader_texture_lod GL_ARB_texture_rgb10_a2ui GL_ARB_vertex_type_2_10_10_10_rev GL_EXT_provoking_vertex GL_EXT_texture_snorm GL_MESA_texture_signed_rgba GL_NV_texture_barrier GL_ARB_robustness GL_ARB_texture_storage 
15:33:13: Supported GLX extensions: GLX_ARB_get_proc_address GLX_ARB_multisample GLX_EXT_import_context GLX_EXT_visual_info GLX_EXT_visual_rating GLX_MESA_copy_sub_buffer GLX_MESA_multithread_makecurrent GLX_MESA_swap_control GLX_OML_swap_method GLX_OML_sync_control GLX_SGI_make_current_read GLX_SGI_swap_control GLX_SGI_video_sync GLX_SGIS_multisample GLX_SGIX_fbconfig GLX_SGIX_pbuffer GLX_SGIX_visual_select_group GLX_EXT_texture_from_pixmap 
15:33:13: ***************************
15:33:13: *** GL Renderer Started ***
15:33:13: ***************************
15:33:13: Registering ResourceManager for type GpuProgram
15:33:13: GLSL support detected
15:33:13: GL: Using GL_EXT_framebuffer_object for rendering to textures (best)
15:33:13: FBO PF_UNKNOWN depth/stencil support: D0S1 D0S4 D0S8 D0S16 D16S0 D24S0 D32S0 Packed-D24S8 
15:33:13: FBO PF_L8 depth/stencil support: D0S0 D0S1 D0S4 D0S8 D0S16 D16S0 D24S0 D32S0 Packed-D24S8 
15:33:13: FBO PF_A8 depth/stencil support: D0S0 D0S1 D0S4 D0S8 D0S16 D16S0 D24S0 D32S0 Packed-D24S8 
15:33:13: FBO PF_A4L4 depth/stencil support: D0S0 D0S1 D0S4 D0S8 D0S16 D16S0 D24S0 D32S0 Packed-D24S8 
15:33:13: FBO PF_BYTE_LA depth/stencil support: D0S0 D0S1 D0S4 D0S8 D0S16 D16S0 D24S0 D32S0 Packed-D24S8 
15:33:13: FBO PF_R5G6B5 depth/stencil support: D0S0 D0S1 D0S4 D0S8 D0S16 D16S0 D24S0 D32S0 Packed-D24S8 
15:33:13: FBO PF_B5G6R5 depth/stencil support: D0S0 D0S1 D0S4 D0S8 D0S16 D16S0 D24S0 D32S0 Packed-D24S8 
15:33:13: FBO PF_A4R4G4B4 depth/stencil support: D0S0 D0S1 D0S4 D0S8 D0S16 D16S0 D24S0 D32S0 Packed-D24S8 
15:33:13: FBO PF_A1R5G5B5 depth/stencil support: D0S0 D0S1 D0S4 D0S8 D0S16 D16S0 D24S0 D32S0 Packed-D24S8 
15:33:13: FBO PF_R8G8B8 depth/stencil support: D0S0 D0S1 D0S4 D0S8 D0S16 D16S0 D24S0 D32S0 Packed-D24S8 
15:33:13: FBO PF_B8G8R8 depth/stencil support: D0S0 D0S1 D0S4 D0S8 D0S16 D16S0 D24S0 D32S0 Packed-D24S8 
15:33:13: FBO PF_A8R8G8B8 depth/stencil support: D0S0 D0S1 D0S4 D0S8 D0S16 D16S0 D24S0 D32S0 Packed-D24S8 
15:33:13: FBO PF_B8G8R8A8 depth/stencil support: D0S0 D0S1 D0S4 D0S8 D0S16 D16S0 D24S0 D32S0 Packed-D24S8 
15:33:13: FBO PF_A2R10G10B10 depth/stencil support: D0S0 D0S1 D0S4 D0S8 D0S16 D16S0 D24S0 D32S0 Packed-D24S8 
15:33:13: FBO PF_A2B10G10R10 depth/stencil support: D0S0 D0S1 D0S4 D0S8 D0S16 D16S0 D24S0 D32S0 Packed-D24S8 
15:33:13: FBO PF_FLOAT16_RGB depth/stencil support: D0S0 D0S1 D0S4 D0S8 D0S16 D16S0 D24S0 D32S0 Packed-D24S8 
15:33:13: FBO PF_FLOAT16_RGBA depth/stencil support: D0S0 D0S1 D0S4 D0S8 D0S16 D16S0 D24S0 D32S0 Packed-D24S8 
15:33:13: FBO PF_FLOAT32_RGB depth/stencil support: D0S0 D0S1 D0S4 D0S8 D0S16 D16S0 D24S0 D32S0 Packed-D24S8 
15:33:13: FBO PF_FLOAT32_RGBA depth/stencil support: D0S0 D0S1 D0S4 D0S8 D0S16 D16S0 D24S0 D32S0 Packed-D24S8 
15:33:13: FBO PF_X8R8G8B8 depth/stencil support: D0S0 D0S1 D0S4 D0S8 D0S16 D16S0 D24S0 D32S0 Packed-D24S8 
15:33:13: FBO PF_X8B8G8R8 depth/stencil support: D0S0 D0S1 D0S4 D0S8 D0S16 D16S0 D24S0 D32S0 Packed-D24S8 
15:33:13: FBO PF_SHORT_RGBA depth/stencil support: D0S0 D0S1 D0S4 D0S8 D0S16 D16S0 D24S0 D32S0 Packed-D24S8 
15:33:13: FBO PF_R3G3B2 depth/stencil support: D0S0 D0S1 D0S4 D0S8 D0S16 D16S0 D24S0 D32S0 Packed-D24S8 
15:33:13: FBO PF_SHORT_RGB depth/stencil support: D0S0 D0S1 D0S4 D0S8 D0S16 D16S0 D24S0 D32S0 Packed-D24S8 
15:33:13: [GL] : Valid FBO targets PF_UNKNOWN PF_L8 PF_A8 PF_A4L4 PF_BYTE_LA PF_R5G6B5 PF_B5G6R5 PF_A4R4G4B4 PF_A1R5G5B5 PF_R8G8B8 PF_B8G8R8 PF_A8R8G8B8 PF_B8G8R8A8 PF_A2R10G10B10 PF_A2B10G10R10 PF_FLOAT16_RGB PF_FLOAT16_RGBA PF_FLOAT32_RGB PF_FLOAT32_RGBA PF_X8R8G8B8 PF_X8B8G8R8 PF_SHORT_RGBA PF_R3G3B2 PF_SHORT_RGB 
15:33:13: RenderSystem capabilities
15:33:13: -------------------------
15:33:13: RenderSystem Name: OpenGL Rendering Subsystem
15:33:13: GPU Vendor: unknown
15:33:13: Device Name: Gallium 0.4 on AMD JUNIPER
15:33:13: Driver Version: 2.1.0.0
15:33:13:  * Fixed function pipeline: yes
15:33:13:  * Hardware generation of mipmaps: yes
15:33:13:  * Texture blending: yes
15:33:13:  * Anisotropic texture filtering: yes
15:33:13:  * Dot product texture operation: yes
15:33:13:  * Cube mapping: yes
15:33:13:  * Hardware stencil buffer: yes
15:33:13:    - Stencil depth: 8
15:33:13:    - Two sided stencil support: yes
15:33:13:    - Wrap stencil values: yes
15:33:13:  * Hardware vertex / index buffers: yes
15:33:13:  * Vertex programs: yes
15:33:13:  * Number of floating-point constants for vertex programs: 4096
15:33:13:  * Number of integer constants for vertex programs: 0
15:33:13:  * Number of boolean constants for vertex programs: 0
15:33:13:  * Fragment programs: yes
15:33:13:  * Number of floating-point constants for fragment programs: 4096
15:33:13:  * Number of integer constants for fragment programs: 0
15:33:13:  * Number of boolean constants for fragment programs: 0
15:33:13:  * Geometry programs: no
15:33:13:  * Number of floating-point constants for geometry programs: 2478
15:33:13:  * Number of integer constants for geometry programs: 43212
15:33:13:  * Number of boolean constants for geometry programs: 2478
15:33:13:  * Supported Shader Profiles: arbfp1 arbvp1 glsl
15:33:13:  * Texture Compression: yes
15:33:13:    - DXT: no
15:33:13:    - VTC: no
15:33:13:    - PVRTC: no
15:33:13:  * Scissor Rectangle: yes
15:33:13:  * Hardware Occlusion Query: yes
15:33:13:  * User clip planes: yes
15:33:13:  * VET_UBYTE4 vertex element type: yes
15:33:13:  * Infinite far plane projection: yes
15:33:13:  * Hardware render-to-texture: yes
15:33:13:  * Floating point textures: yes
15:33:13:  * Non-power-of-two textures: yes
15:33:13:  * Volume textures: yes
15:33:13:  * Multiple Render Targets: 8
15:33:13:    - With different bit depths: yes
15:33:13:  * Point Sprites: yes
15:33:13:  * Extended point parameters: yes
15:33:13:  * Max Point Size: 16384
15:33:13:  * Vertex texture fetch: yes
15:33:13:  * Number of world matrices: 0
15:33:13:  * Number of texture units: 16
15:33:13:  * Stencil buffer depth: 8
15:33:13:  * Number of vertex blend matrices: 0
15:33:13:    - Max vertex textures: 16
15:33:13:    - Vertex textures shared: yes
15:33:13:  * Render to Vertex Buffer : no
15:33:13:  * GL 1.5 without VBO workaround: no
15:33:13:  * Frame Buffer objects: yes
15:33:13:  * Frame Buffer objects (ARB extension): no
15:33:13:  * Frame Buffer objects (ATI extension): no
15:33:13:  * PBuffer support: yes
15:33:13:  * GL 1.5 without HW-occlusion workaround: no
15:33:13: Registering ResourceManager for type Texture
15:33:13: DefaultWorkQueue('Root') initialising on thread 0x9ad5928.
15:33:13: DefaultWorkQueue('Root')::WorkerFunc - thread 0x9aea6b8 starting.
15:33:13: DefaultWorkQueue('Root')::WorkerFunc - thread 0x9cd5bd0 starting.
15:33:13: DefaultWorkQueue('Root')::WorkerFunc - thread 0x9cd5f60 starting.
15:33:13: DefaultWorkQueue('Root')::WorkerFunc - thread 0x9cd5d98 starting.
15:33:13: Particle Renderer Type 'billboard' registered
15:33:13: Parsing scripts for resource group 
15:33:13: Finished parsing scripts for resource group 
15:33:13: Parsing scripts for resource group Autodetect
15:33:13: Finished parsing scripts for resource group Autodetect
15:33:13: Parsing scripts for resource group General
15:33:13: Finished parsing scripts for resource group General
15:33:13: Parsing scripts for resource group Internal
15:33:13: Finished parsing scripts for resource group Internal
15:33:13: Creating resource group axis
15:33:13: Material Red was requested with isManual=true, but this is not applicable for materials; the flag has been reset to false
15:33:13: *** Initializing OIS ***
15:33:28: DefaultWorkQueue('Root') shutting down on thread 0x9ad5928.
15:33:28: DefaultWorkQueue('Root')::WorkerFunc - thread 0x9aea6b8 stopped.
15:33:28: DefaultWorkQueue('Root')::WorkerFunc - thread 0x9cd5bd0 stopped.
15:33:28: DefaultWorkQueue('Root')::WorkerFunc - thread 0x9cd5f60 stopped.
15:33:28: DefaultWorkQueue('Root')::WorkerFunc - thread 0x9cd5d98 stopped.
15:33:28: *-*-* OGRE Shutdown
15:33:28: Unregistering ResourceManager for type Compositor
15:33:28: Unregistering ResourceManager for type Font
15:33:28: Unregistering ResourceManager for type Skeleton
15:33:28: Unregistering ResourceManager for type Mesh
15:33:28: Unregistering ResourceManager for type HighLevelGpuProgram
15:33:28: Uninstalling plugin: GL RenderSystem
15:33:28: Unregistering ResourceManager for type GpuProgram
15:33:28: ******************************
*** Stopping GLX Subsystem ***
******************************
15:33:28: Unregistering ResourceManager for type Texture
15:33:28: Plugin successfully uninstalled
15:33:28: Unloading library /usr/local/lib/OGRE/RenderSystem_GL
15:33:28: Unregistering ResourceManager for type Material
